<?xml version="1.0" encoding="UTF-8"?>
<!-- Generated by org.testng.reporters.JUnitReportReporter -->
<testsuite hostname="EPINPUNW0039" name="oops.ExcelRetrieval" tests="1" failures="0" timestamp="23 Jul 2018 12:06:26 GMT" time="9.893" errors="0">
  <testcase name="instantiateDriver" time="9.893" classname="oops.ExcelRetrieval"/>
</testsuite> <!-- oops.ExcelRetrieval -->
