<?xml version="1.0" encoding="UTF-8"?>
<!-- Generated by org.testng.reporters.JUnitReportReporter -->
<testsuite hostname="EPINPUNW0039" failures="0" tests="1" name="oops.ExcelRetrieval" time="7.308" errors="0" timestamp="24 Jul 2018 12:30:28 GMT">
  <testcase classname="oops.ExcelRetrieval" name="instantiateDriver" time="7.308"/>
</testsuite> <!-- oops.ExcelRetrieval -->
